D: already installed, replacing
stashing as D:0
d: already installed, replacing
stashing as d:0
simple diode test 
V1 ( 1 0 )  DC  10.
R1 ( 1 2 )  100.K
D1 ( 2 0 )  ddd 2.
.model ddd d ( af=1. cjo=1.p eg=1.11 fc=0.5 is=10.f kf=0. m=0.5 n=1. rs=0. tt=0. vj=1. xti=3.)
#           v(1)       v(2)       i(V1)      i(R1)      id(D1)     vd(D1)     gd(D1)     cd(D1)     zraw(D1)   z(2)      
 27.        10.        0.57608   -94.239u    94.239u    94.239u    0.57608    0.0036436  3.0436p    273.7      273.7     
#           v(1)       v(2)       i(V1)      i(R1)      id(D1)     vd(D1)     gd(D1)     cd(D1)     zraw(D1)   z(2)       iter(0)   
-10.       -10.       -10.        0.        -20.02p    -10.02p    -10.        1.p        603.02f    100.K      100.K      12.       
-8.        -8.        -8.         0.        -16.02p    -8.02p     -8.         1.p        666.67f    100.K      100.K      4.        
-6.        -6.        -6.         0.        -12.02p    -6.02p     -6.         1.p        755.93f    100.K      100.K      4.        
-4.        -4.        -4.         0.        -8.02p     -4.02p     -4.         1.p        894.43f    100.K      100.K      4.        
-2.        -2.        -2.         0.        -4.02p     -2.02p     -2.         1.p        1.1547p    100.K      100.K      4.        
 0.         0.         0.         0.         0.         0.         0.         1.7733p    2.p        100.K      100.K      5.        
 2.         2.         0.52806   -14.719u    14.719u    14.719u    0.52806    569.1u     2.9078p    1.7268K    1.7268K    11.       
 4.         4.         0.55009   -34.499u    34.499u    34.499u    0.55009    0.0013339  2.9701p    744.12     744.12     7.        
 6.         6.         0.56186   -54.381u    54.381u    54.381u    0.56186    0.0021026  3.0034p    473.34     473.34     6.        
 8.         8.         0.56993   -74.301u    74.301u    74.301u    0.56993    0.0028727  3.0262p    346.89     346.89     6.        
 10.        10.        0.57608   -94.239u    94.239u    94.239u    0.57608    0.0036436  3.0436p    273.7      273.7      5.        
Gnucap   System status
iterations: op=12, dc=68, tran=0, fourier=0, total=80
transient timesteps: accepted=0, rejected=0, total=0
nodes: user=2, subckt=0, model=0, total=2
dctran density=100.0%, ac density=100.0%
#           v(1)       v(2)       i(V1)      i(R1)      id(D1)     vd(D1)     gd(D1)     cd(D1)     zraw(D1)   z(2)       iter(0)   
 9.999      9.999      0.57608   -94.229u    94.229u    94.229u    0.57608    0.0036432  3.0436p    273.73     273.73     12.       
 10.        10.        0.57608   -94.239u    94.239u    94.239u    0.57608    0.0036436  3.0436p    273.73     273.73     2.        
 10.001     10.001     0.57609   -94.249u    94.249u    94.249u    0.57609    0.003644   3.0436p    273.73     273.73     2.        
#           v(1)       v(2)       i(V1)      i(R1)      id(D1)     vd(D1)     gd(D1)     cd(D1)     zraw(D1)   z(2)      
 27.        10.        0.57608   -94.239u    94.239u    94.239u    0.57608    0.0036436  3.0436p    273.7      273.7     
Gnucap   System status
iterations: op=12, dc=16, tran=0, fourier=0, total=108
transient timesteps: accepted=0, rejected=0, total=0
nodes: user=2, subckt=0, model=0, total=2
dctran density=100.0%, ac density=100.0%
