D: already installed, replacing
stashing as D:0
d: already installed, replacing
stashing as d:0
simple diode test 
V1 ( 1 0 ) sin offset=NA( 0.) amplitude= 10. frequency= 10.Meg delay=NA( 0.) damping=NA( 0.)  DC -10.  AC  1.
R1 ( 1 2 )  100.K
D1 ( 2 0 )  ddd 1.
.model ddd d ( af=1. bv=50 cjo=1.p eg=1.11 fc=0.5 ibv=0.001 is=10.f kf=0. m=0.5 n=1. rs=0. tt=0. vj=1. xti=3.)
#           v(1)       v(2)       i(V1)      i(R1)      id(D1)     vd(D1)     req(D1)    cd(D1)     z(D1)      zraw(D1)   gd(D1)     z(2)      
 0.         0.         0.         0.         0.         0.         0.         ??         0.         1.E+12     1.E+12     0.         1.E+12    
-1.        -10.        0.70425    107.04u   -107.04u    0.018289   0.73027    ??         0.         1.4142     1.4142     0.70711    1.4142    
-2.        -10.        0.67798    106.78u   -106.78u    0.0066888  0.70425    ??         0.         3.8666     3.8666     0.25861    3.8666    
-3.        -10.        0.65097    106.51u   -106.51u    0.0024217  0.67798    ??         0.         10.679     10.679     0.093631   10.679    
-4.        -10.        0.62189    106.22u   -106.22u    852.56u    0.65097    ??         0.         30.328     30.328     0.032963   30.328    
-5.        -10.        0.58613    105.86u   -105.86u    276.9u     0.62189    ??         0.         93.319     93.319     0.010706   93.319    
-6.        -10.        0.52112    105.21u   -105.21u    69.501u    0.58613    ??         0.         370.76     370.76     0.0026872  370.76    
-7.        -10.        0.034029   100.34u   -100.34u    5.6268u    0.52112    ??         0.         4.3946K    4.3946K    217.55u    4.3946K   
-8.        -10.       -10.        0.        -34.433p    61.301f    0.034029   ??         0.         100.K      100.K      2.4411p    100.K     
-9.        -10.       -10.        0.        -20.01p    -10.01p    -10.        ??         0.         100.K      100.K      1.p        100.K     
-10.       -10.       -10.        0.        -20.01p    -10.01p    -10.        ??         0.         100.K      100.K      1.p        100.K     
 27.       -10.       -10.        0.        -20.01p    -10.01p    -10.        ??         301.51f    100.K      100.K      1.p        100.K     
#Freq       vr(2)      vi(2)     
 10.        1.        -1.8945u   
 100.       1.        -18.945u   
 1.K        1.        -189.45u   
 10.K       1.        -0.0018944 
 100.K      0.99964   -0.018938  
 1.Meg      0.96535   -0.18288   
 10.Meg     0.21791   -0.41283   
 100.Meg    0.0027786 -0.052639  
 1.G        27.863u   -0.0052784 
#           v(1)       v(2)       i(V1)      i(R1)      id(D1)     vd(D1)     req(D1)    cd(D1)     z(D1)      zraw(D1)   gd(D1)     z(2)       iter(0)   
-10.       -10.       -10.        0.        -20.01p    -10.01p    -10.        ??         301.51f    100.K      100.K      1.p        100.K      11.       
-8.        -8.        -8.         0.        -16.01p    -8.01p     -8.         ??         333.33f    100.K      100.K      1.p        100.K      4.        
-6.        -6.        -6.         0.        -12.01p    -6.01p     -6.         ??         377.96f    100.K      100.K      1.p        100.K      4.        
-4.        -4.        -4.         0.        -8.01p     -4.01p     -4.         ??         447.21f    100.K      100.K      1.p        100.K      4.        
-2.        -2.        -2.         0.        -4.01p     -2.01p     -2.         ??         577.35f    100.K      100.K      1.p        100.K      4.        
 0.         0.         0.         0.         0.         0.         0.         ??         1.p        100.K      100.K      1.3866p    100.K      5.        
#Freq       vr(2)      vi(2)     
 10.        1.        -6.2832u   
 100.       1.        -62.832u   
 1.K        1.        -628.32u   
 10.K       0.99996   -0.0062829 
 100.K      0.99607   -0.062585  
 1.Meg      0.71696   -0.45048   
 10.Meg     0.024705  -0.15522   
 100.Meg    253.24u   -0.015911  
 1.G        2.533u    -0.0015915 
v(1)  -10.                   -5.                    0.                     5.                   10.
v(2)  -10.                   -5.                    0.                     5.                   10.
        +----------------------+---------------------+----------------------+---------------------+
 0.     |                      .                     *                      .                     |
 5.n    |                      .                     +             *        .                     |
 10.n   |                      .                     .+                     .  *                  |
 15.n   |                      .                     . +                    .            *        |
 20.n   |                      .                     .  +                   .                   * |
 25.n   |                      .                     .  +                   .                     *
 30.n   |                      .                     .  +                   .                   * |
 35.n   |                      .                     .  +                   .            *        |
 40.n   |                      .                     .  +                   .  *                  |
 45.n   |                      .                     .  +          *        .                     |
 50.n   |                      .                     * +                    .                     |
 55.n   |                      .       *             . +                    .                     |
 60.n   |                  *   .                     .+                     .                     |
 65.n   |        *             .                     +                      .                     |
 70.n   | *                    .                  +  .                      .                     |
 75.n   *                      .                +    .                      .                     |
 80.n   | *                    .             +       .                      .                     |
 85.n   |        *             .          +          .                      .                     |
 90.n   |                  *   .        +            .                      .                     |
 95.n   |                      .       *+            .                      .                     |
 100.n  |                      .        +            *                      .                     |
 105.n  |                      .          +          .             *        .                     |
 110.n  |                      .             +       .                      .  *                  |
 115.n  |                      .                +    .                      .            *        |
 120.n  |                      .                   + .                      .                   * |
 125.n  |                      .                     +                      .                     *
 130.n  |                      .                     . +                    .                   * |
 135.n  |                      .                     .  +                   .            *        |
 140.n  |                      .                     .  +                   .  *                  |
 145.n  |                      .                     .  +          *        .                     |
 150.n  |                      .                     * +                    .                     |
 155.n  |                      .       *             . +                    .                     |
 160.n  |                  *   .                     .+                     .                     |
 165.n  |        *             .                     +                      .                     |
 170.n  | *                    .                  +  .                      .                     |
 175.n  *                      .                +    .                      .                     |
 180.n  | *                    .             +       .                      .                     |
 185.n  |        *             .          +          .                      .                     |
 190.n  |                  *   .        +            .                      .                     |
 195.n  |                      .       *+            .                      .                     |
        +----------------------+---------------------+----------------------+---------------------+
#Freq       vr(2)      vi(2)     
 10.        1.        -3.1442u   
 100.       1.        -31.442u   
 1.K        1.        -314.42u   
 10.K       0.99999   -0.0031442 
 100.K      0.99901   -0.031411  
 1.Meg      0.91003   -0.28613   
 10.Meg     0.091861  -0.28883   
 100.Meg    0.0010105 -0.031772  
 1.G        10.115u   -0.0031804 
v(1)  -10.                   -5.                    0.                     5.                   10.
v(2)  -10.                   -5.                    0.                     5.                   10.
        +----------------------+---------------------+----------------------+---------------------+
 0.     |                      .                     *                      .                     |
 5.n    |                      .                     +             *        .                     |
 10.n   |                      .                     .+                     .  *                  |
 15.n   |                      .                     . +                    .            *        |
 20.n   |                      .                     .  +                   .                   * |
 25.n   |                      .                     .  +                   .                     *
 30.n   |                      .                     .  +                   .                   * |
 35.n   |                      .                     .  +                   .            *        |
 40.n   |                      .                     .  +                   .  *                  |
 45.n   |                      .                     .  +          *        .                     |
 50.n   |                      .                     * +                    .                     |
 55.n   |                      .       *             . +                    .                     |
 60.n   |                  *   .                     .+                     .                     |
 65.n   |        *             .                     +                      .                     |
 70.n   | *                    .                  +  .                      .                     |
 75.n   *                      .                +    .                      .                     |
 80.n   | *                    .             +       .                      .                     |
 85.n   |        *             .          +          .                      .                     |
 90.n   |                  *   .        +            .                      .                     |
 95.n   |                      .       *+            .                      .                     |
 100.n  |                      .        +            *                      .                     |
 105.n  |                      .          +          .             *        .                     |
 110.n  |                      .             +       .                      .  *                  |
 115.n  |                      .                +    .                      .            *        |
 120.n  |                      .                   + .                      .                   * |
 125.n  |                      .                     +                      .                     *
 130.n  |                      .                     . +                    .                   * |
 135.n  |                      .                     .  +                   .            *        |
 140.n  |                      .                     .  +                   .  *                  |
 145.n  |                      .                     .  +          *        .                     |
 150.n  |                      .                     * +                    .                     |
 155.n  |                      .       *             . +                    .                     |
 160.n  |                  *   .                     .+                     .                     |
 165.n  |        *             .                     +                      .                     |
        +----------------------+---------------------+----------------------+---------------------+
#Freq       vr(2)      vi(2)     
 10.        1.        -6.0197u   
 100.       1.        -60.197u   
 1.K        1.        -601.97u   
 10.K       0.99996   -0.0060195 
 100.K      0.99639   -0.05998   
 1.Meg      0.73401   -0.44186   
 10.Meg     0.026855  -0.16166   
 100.Meg    275.88u   -0.016607  
 1.G        2.7596u   -0.0016612 
v(1)  -10.                   -5.                    0.                     5.                   10.
v(2)  -10.                   -5.                    0.                     5.                   10.
        +----------------------+---------------------+----------------------+---------------------+
 0.     |                      .                     *                      .                     |
 5.n    |                      .                     +             *        .                     |
 10.n   |                      .                     .+                     .  *                  |
 15.n   |                      .                     . +                    .            *        |
 20.n   |                      .                     .  +                   .                   * |
 25.n   |                      .                     .  +                   .                     *
 30.n   |                      .                     .  +                   .                   * |
 35.n   |                      .                     .  +                   .            *        |
 40.n   |                      .                     .  +                   .  *                  |
 45.n   |                      .                     .  +          *        .                     |
 50.n   |                      .                     * +                    .                     |
 55.n   |                      .       *             . +                    .                     |
 60.n   |                  *   .                     .+                     .                     |
 65.n   |        *             .                     +                      .                     |
 70.n   | *                    .                  +  .                      .                     |
 75.n   *                      .                +    .                      .                     |
 80.n   | *                    .             +       .                      .                     |
 85.n   |        *             .          +          .                      .                     |
 90.n   |                  *   .        +            .                      .                     |
 95.n   |                      .       *+            .                      .                     |
 100.n  |                      .        +            *                      .                     |
 105.n  |                      .          +          .             *        .                     |
 110.n  |                      .             +       .                      .  *                  |
 115.n  |                      .                +    .                      .            *        |
 120.n  |                      .                   + .                      .                   * |
 125.n  |                      .                     +                      .                     *
 130.n  |                      .                     . +                    .                   * |
 135.n  |                      .                     .  +                   .            *        |
        +----------------------+---------------------+----------------------+---------------------+
#Freq       vr(2)      vi(2)     
 10.        0.0032893 -104.72p   
 100.       0.0032893 -1.0472n   
 1.K        0.0032893 -10.472n   
 10.K       0.0032893 -104.72n   
 100.K      0.0032893 -1.0472u   
 1.Meg      0.0032893 -10.472u   
 10.Meg     0.003286  -104.61u   
 100.Meg    0.0029866 -950.82u   
 1.G        295.39u   -940.41u   
v(1)  -10.                   -5.                    0.                     5.                   10.
v(2)  -10.                   -5.                    0.                     5.                   10.
        +----------------------+---------------------+----------------------+---------------------+
 0.     |                      .                     *                      .                     |
 5.n    |                      .                     +             *        .                     |
 10.n   |                      .                     .+                     .  *                  |
 15.n   |                      .                     . +                    .            *        |
 20.n   |                      .                     .  +                   .                   * |
 25.n   |                      .                     .  +                   .                     *
 30.n   |                      .                     .  +                   .                   * |
 35.n   |                      .                     .  +                   .            *        |
 40.n   |                      .                     .  +                   .  *                  |
 45.n   |                      .                     .  +          *        .                     |
 50.n   |                      .                     * +                    .                     |
 55.n   |                      .       *             . +                    .                     |
 60.n   |                  *   .                     .+                     .                     |
 65.n   |        *             .                     +                      .                     |
 70.n   | *                    .                  +  .                      .                     |
 75.n   *                      .                +    .                      .                     |
 80.n   | *                    .             +       .                      .                     |
 85.n   |        *             .          +          .                      .                     |
 90.n   |                  *   .        +            .                      .                     |
 95.n   |                      .       *+            .                      .                     |
 100.n  |                      .        +            *                      .                     |
 105.n  |                      .          +          .             *        .                     |
 110.n  |                      .             +       .                      .  *                  |
 115.n  |                      .                +    .                      .            *        |
 120.n  |                      .                   + .                      .                   * |
 125.n  |                      .                     +                      .                     *
        +----------------------+---------------------+----------------------+---------------------+
#Freq       vr(2)      vi(2)     
 10.        1.        -6.3597u   
 100.       1.        -63.597u   
 1.K        1.        -635.97u   
 10.K       0.99996   -0.0063595 
 100.K      0.99597   -0.063341  
 1.Meg      0.71202   -0.45282   
 10.Meg     0.024128  -0.15345   
 100.Meg    247.18u   -0.01572   
 1.G        2.4724u   -0.0015724 
Gnucap   System status
iterations: op=11, dc=32, tran=182, fourier=0, total=1132
transient timesteps: accepted=152, rejected=0, total=152
nodes: user=2, subckt=0, model=0, total=2
dctran density=100.0%, ac density=100.0%
