D: already installed, replacing
stashing as D:0
d: already installed, replacing
stashing as d:0
simple diode test 
V1 ( 1 0 )  DC  10.
R1 ( 1 2 )  100.K
D1 ( 2 0 )  ddd 4.
.model ddd d ( af=1. cjo=1.p eg=1.11 fc=0.5 is=10.f kf=0. m=0.5 n=1. rs=0. tt=0. vj=1. xti=3.)
#           v(1)       v(2)       i(V1)      i(R1)      id(D1)     vd(D1)     gd(D1)     cd(D1)     zraw(D1)   z(2)      
 27.        10.        0.5582    -94.418u    94.418u    94.418u    0.5582     0.0036505  5.9861p    273.18     273.18    
#           v(1)       v(2)       i(V1)      i(R1)      id(D1)     vd(D1)     gd(D1)     cd(D1)     zraw(D1)   z(2)       iter(0)   
-10.       -10.       -10.        0.        -20.04p    -10.04p    -10.        1.p        1.206p     100.K      100.K      13.       
-8.        -8.        -8.         0.        -16.04p    -8.04p     -8.         1.p        1.3333p    100.K      100.K      4.        
-6.        -6.        -6.         0.        -12.04p    -6.04p     -6.         1.p        1.5119p    100.K      100.K      4.        
-4.        -4.        -4.         0.        -8.04p     -4.04p     -4.         1.p        1.7889p    100.K      100.K      4.        
-2.        -2.        -2.         0.        -4.04p     -2.04p     -2.         1.p        2.3094p    100.K      100.K      4.        
 0.         0.         0.         0.         0.         0.         0.         2.5465p    4.p        100.K      100.K      5.        
 2.         2.         0.51044   -14.896u    14.896u    14.896u    0.51044    575.92u    5.7159p    1.7067K    1.7067K    10.       
 4.         4.         0.5323    -34.677u    34.677u    34.677u    0.5323     0.0013407  5.8396p    740.33     740.33     7.        
 6.         6.         0.54402   -54.56u     54.56u     54.56u     0.54402    0.0021095  5.9059p    471.8      471.8      6.        
 8.         8.         0.55207   -74.479u    74.479u    74.479u    0.55207    0.0028796  5.9514p    346.06     346.06     6.        
 10.        10.        0.5582    -94.418u    94.418u    94.418u    0.5582     0.0036505  5.9861p    273.18     273.18     5.        
Gnucap   System status
iterations: op=13, dc=68, tran=0, fourier=0, total=81
transient timesteps: accepted=0, rejected=0, total=0
nodes: user=2, subckt=0, model=0, total=2
dctran density=100.0%, ac density=100.0%
#           v(1)       v(2)       i(V1)      i(R1)      id(D1)     vd(D1)     gd(D1)     cd(D1)     zraw(D1)   z(2)       iter(0)   
 9.999      9.999      0.5582    -94.408u    94.408u    94.408u    0.5582     0.0036501  5.9861p    273.21     273.21     13.       
 10.        10.        0.5582    -94.418u    94.418u    94.418u    0.5582     0.0036505  5.9861p    273.21     273.21     2.        
 10.001     10.001     0.55821   -94.428u    94.428u    94.428u    0.55821    0.0036509  5.9861p    273.18     273.18     2.        
#           v(1)       v(2)       i(V1)      i(R1)      id(D1)     vd(D1)     gd(D1)     cd(D1)     zraw(D1)   z(2)      
 27.        10.        0.5582    -94.418u    94.418u    94.418u    0.5582     0.0036505  5.9861p    273.18     273.18    
Gnucap   System status
iterations: op=13, dc=17, tran=0, fourier=0, total=111
transient timesteps: accepted=0, rejected=0, total=0
nodes: user=2, subckt=0, model=0, total=2
dctran density=100.0%, ac density=100.0%
