Mesfet level 1 subthreshold characteristics 
#           i(vids)   
-3.         42.498u   
-2.5        232.48u   
-2.         457.54u   
-1.5        654.u     
-1.         808.69u   
-0.5        926.89u   
 0.         0.0010172 
#           i(vids)   
-3.         0.        
-2.5        0.        
-2.         42.498u   
-1.5        232.48u   
-1.         457.54u   
-0.5        654.u     
 0.         808.69u   
#           i(vids)   
-3.         0.        
-2.5        0.        
-2.         0.        
-1.5        0.        
-1.         42.498u   
-0.5        232.48u   
 0.         457.54u   
