Mesfet level 1 subthreshold characteristics 
#           i(vids)   
-3.         0.        
-2.5        0.        
-2.         0.        
-1.5        0.        
-1.         106.25u   
-0.5        581.21u   
 0.         0.0011438 
#           i(vids)   
-3.         0.        
-2.5        0.        
-2.         0.        
-1.5        0.        
-1.         60.712u   
-0.5        332.12u   
 0.         653.62u   
#           i(vids)   
-3.         0.        
-2.5        0.        
-2.         0.        
-1.5        0.        
-1.         42.498u   
-0.5        232.48u   
 0.         457.54u   
