Q: already installed, replacing
stashing as Q:0
npn: already installed, replacing
stashing as npn:0
pnp: already installed, replacing
stashing as pnp:0
npn1: already installed, replacing
stashing as npn1:0
pnp1: already installed, replacing
stashing as pnp1:0
schmitt ckt - ecl compatible schmitt trigger 
#           v(1)       v(2)       v(3)       v(4)       v(5)       v(6)       v(7)       v(8)       iter(0)   
 27.       -1.6       -1.6       -0.2597    -2.068     -1.2206    -1.1106    -1.8919    -5.         8.        
#Time       v(1)       v(3)       v(5)       v(6)      
 0.        -1.6       -0.2597    -1.2206    -1.1106    
 20.n      -1.59      -0.25966   -1.2206    -1.1105    
 40.n      -1.57      -0.2597    -1.2206    -1.1106    
 60.n      -1.55      -0.25967   -1.2206    -1.1105    
 80.n      -1.53      -0.2597    -1.2206    -1.1106    
 100.n     -1.51      -0.25968   -1.2206    -1.1105    
 120.n     -1.49      -0.25972   -1.2206    -1.1105    
 140.n     -1.47      -0.25972   -1.2206    -1.1104    
 160.n     -1.45      -0.25981   -1.2207    -1.1103    
 180.n     -1.43      -0.25991   -1.2207    -1.11      
 200.n     -1.41      -0.26023   -1.221     -1.1093    
 220.n     -1.39      -0.26083   -1.2214    -1.1079    
 240.n     -1.37      -0.26231   -1.2224    -1.1046    
 260.n     -1.35      -0.26573   -1.2248    -1.0967    
 280.n     -1.33      -0.27605   -1.232     -1.0734    
 300.n     -1.31      -0.73191   -1.5144    -0.13179   
 320.n     -1.29      -0.76796   -1.6004    -0.041992  
 340.n     -1.27      -0.7659    -1.5954    -0.043348  
 360.n     -1.25      -0.76975   -1.5985    -0.043446  
 380.n     -1.23      -0.77211   -1.599     -0.04443   
 400.n     -1.21      -0.77693   -1.6042    -0.043495  
 420.n     -1.2       -0.77905   -1.606     -0.043587  
 440.n     -1.2       -0.77704   -1.6032    -0.044277  
 460.n     -1.2       -0.77914   -1.606     -0.043635  
 480.n     -1.2       -0.77696   -1.6032    -0.04423   
 500.n     -1.2       -0.77922   -1.606     -0.04368   
 520.n     -1.21      -0.77771   -1.6048    -0.043753  
 540.n     -1.23      -0.77152   -1.5991    -0.044108  
 560.n     -1.25      -0.77072   -1.5991    -0.043792  
 580.n     -1.27      -0.76445   -1.5935    -0.044081  
 600.n     -1.29      -0.76371   -1.5934    -0.043841  
 620.n     -1.31      -0.75737   -1.5879    -0.044091  
 640.n     -1.33      -0.75666   -1.5876    -0.043959  
 660.n     -1.35      -0.75021   -1.5822    -0.044301  
 680.n     -1.37      -0.7494    -1.5817    -0.044492  
 700.n     -1.39      -0.7425    -1.5762    -0.045648  
 720.n     -1.41      -0.74095   -1.5749    -0.047509  
 740.n     -1.43      -0.7313    -1.5677    -0.054257  
 760.n     -1.45      -0.72318   -1.5615    -0.069875  
 780.n     -1.47      -0.61006   -1.494     -0.28484   
 800.n     -1.49      -0.25638   -1.2158    -1.108     
 820.n     -1.51      -0.25813   -1.2207    -1.1078    
 840.n     -1.53      -0.25838   -1.2213    -1.108     
 860.n     -1.55      -0.25858   -1.2218    -1.1083    
 880.n     -1.57      -0.26081   -1.2193    -1.1129    
 900.n     -1.59      -0.25867   -1.222     -1.1085    
 920.n     -1.6       -0.25879   -1.2223    -1.1087    
 940.n     -1.6       -0.26057   -1.2188    -1.1125    
 960.n     -1.6       -0.25886   -1.2224    -1.1088    
 980.n     -1.6       -0.26051   -1.2187    -1.1123    
 1.u       -1.6       -0.25892   -1.2225    -1.1089    
v(3)  -2.               -1.5             -1.               -0.5              0.
v(5)  -2.               -1.5             -1.               -0.5              0.
        +-----------------+----------------+-----------------+----------------+
 0.     |                 .        +       .                 .       *        |
 20.n   |                 .        +       .                 .       *        |
 40.n   |                 .        +       .                 .       *        |
 60.n   |                 .        +       .                 .       *        |
 80.n   |                 .        +       .                 .       *        |
 100.n  |                 .        +       .                 .       *        |
 120.n  |                 .        +       .                 .       *        |
 140.n  |                 .        +       .                 .       *        |
 160.n  |                 .        +       .                 .       *        |
 180.n  |                 .        +       .                 .       *        |
 200.n  |                 .        +       .                 .       *        |
 220.n  |                 .        +       .                 .       *        |
 240.n  |                 .        +       .                 .       *        |
 260.n  |                 .        +       .                 .       *        |
 280.n  |                 .        +       .                 .      *         |
 300.n  |                +.                .        *        .                |
 320.n  |             +   .                .       *         .                |
 340.n  |             +   .                .       *         .                |
 360.n  |             +   .                .       *         .                |
 380.n  |             +   .                .       *         .                |
 400.n  |             +   .                .       *         .                |
 420.n  |             +   .                .       *         .                |
 440.n  |             +   .                .       *         .                |
 460.n  |             +   .                .       *         .                |
 480.n  |             +   .                .       *         .                |
 500.n  |             +   .                .       *         .                |
 520.n  |             +   .                .       *         .                |
 540.n  |             +   .                .       *         .                |
 560.n  |             +   .                .       *         .                |
 580.n  |             +   .                .       *         .                |
 600.n  |             +   .                .       *         .                |
 620.n  |             +   .                .       *         .                |
 640.n  |             +   .                .        *        .                |
 660.n  |              +  .                .        *        .                |
 680.n  |              +  .                .        *        .                |
 700.n  |              +  .                .        *        .                |
 720.n  |              +  .                .        *        .                |
 740.n  |              +  .                .        *        .                |
 760.n  |              +  .                .         *       .                |
 780.n  |                 +                .             *   .                |
 800.n  |                 .        +       .                 .       *        |
 820.n  |                 .        +       .                 .       *        |
 840.n  |                 .        +       .                 .       *        |
 860.n  |                 .        +       .                 .       *        |
 880.n  |                 .        +       .                 .       *        |
 900.n  |                 .        +       .                 .       *        |
 920.n  |                 .        +       .                 .       *        |
 940.n  |                 .        +       .                 .       *        |
 960.n  |                 .        +       .                 .       *        |
 980.n  |                 .        +       .                 .       *        |
 1.u    |                 .        +       .                 .       *        |
        +-----------------+----------------+-----------------+----------------+
v(6)  -2.               -1.5             -1.               -0.5              0.
v(1)  -2.               -1.5             -1.               -0.5              0.
        +-----------------+----------------+-----------------+----------------+
 0.     |             +   .            *   .                 .                |
 20.n   |             +   .            *   .                 .                |
 40.n   |              +  .            *   .                 .                |
 60.n   |               + .            *   .                 .                |
 80.n   |               + .            *   .                 .                |
 100.n  |                +.            *   .                 .                |
 120.n  |                 +            *   .                 .                |
 140.n  |                 .+           *   .                 .                |
 160.n  |                 .+           *   .                 .                |
 180.n  |                 . +          *   .                 .                |
 200.n  |                 .  +         *   .                 .                |
 220.n  |                 .  +         *   .                 .                |
 240.n  |                 .   +        *   .                 .                |
 260.n  |                 .    +        *  .                 .                |
 280.n  |                 .    +        *  .                 .                |
 300.n  |                 .     +          .                 .           *    |
 320.n  |                 .      +         .                 .               *|
 340.n  |                 .       +        .                 .              * |
 360.n  |                 .       +        .                 .              * |
 380.n  |                 .        +       .                 .              * |
 400.n  |                 .         +      .                 .              * |
 420.n  |                 .         +      .                 .              * |
 440.n  |                 .         +      .                 .              * |
 460.n  |                 .         +      .                 .              * |
 480.n  |                 .         +      .                 .              * |
 500.n  |                 .         +      .                 .              * |
 520.n  |                 .         +      .                 .              * |
 540.n  |                 .        +       .                 .              * |
 560.n  |                 .       +        .                 .              * |
 580.n  |                 .       +        .                 .              * |
 600.n  |                 .      +         .                 .              * |
 620.n  |                 .     +          .                 .              * |
 640.n  |                 .    +           .                 .              * |
 660.n  |                 .    +           .                 .              * |
 680.n  |                 .   +            .                 .              * |
 700.n  |                 .  +             .                 .              * |
 720.n  |                 .  +             .                 .              * |
 740.n  |                 . +              .                 .              * |
 760.n  |                 .+               .                 .              * |
 780.n  |                 .+               .                 .      *         |
 800.n  |                 +            *   .                 .                |
 820.n  |                +.            *   .                 .                |
 840.n  |               + .            *   .                 .                |
 860.n  |               + .            *   .                 .                |
 880.n  |              +  .            *   .                 .                |
 900.n  |             +   .            *   .                 .                |
 920.n  |             +   .            *   .                 .                |
 940.n  |             +   .            *   .                 .                |
 960.n  |             +   .            *   .                 .                |
 980.n  |             +   .            *   .                 .                |
 1.u    |             +   .            *   .                 .                |
        +-----------------+----------------+-----------------+----------------+
Gnucap   System status
iterations: op=8, dc=0, tran=476, fourier=0, total=1672
transient timesteps: accepted=248, rejected=9, total=257
nodes: user=8, subckt=0, model=8, total=16
dctran density=49.2%, ac density=49.2%
