Q: already installed, replacing
stashing as Q:0
npn: already installed, replacing
stashing as npn:0
pnp: already installed, replacing
stashing as pnp:0
npn1: already installed, replacing
stashing as npn1:0
pnp1: already installed, replacing
stashing as pnp1:0
difpair ckt - simple differential pair 
v(4)  -4.                0.               4.                8.              12.
v(5)  -4.                0.               4.                8.              12.
        +-----------------+----------------+-----------------+----------------+
-0.2    |             +   .                .                 .               *|
-0.19   |             +   .                .                 .               *|
-0.18   |             +   .                .                 .               *|
-0.17   |             +   .                .                 .               *|
-0.16   |             +   .                .                 .              * |
-0.15   |             +   .                .                 .              * |
-0.14   |             +   .                .                 .              * |
-0.13   |             +   .                .                 .              * |
-0.12   |             +   .                .                 .             *  |
-0.11   |             +   .                .                 .             *  |
-0.1    |              +  .                .                 .            *   |
-0.09   |              +  .                .                 .            *   |
-0.08   |               + .                .                 .           *    |
-0.07   |                 +                .                 .         *      |
-0.06   |                 . +              .                 .      *         |
-0.05   |                 .    +           .                 .    *           |
-0.04   |                 .       +        .                 . *              |
-0.03   |                 .          +     .                *.                |
-0.02   |                 .              + .            *    .                |
-0.01   |                 .                . +      *        .                |
 0.     |                 .                .    *            .                |
 0.01   |                 .                . *      +        .                |
 0.02   |                 .              * .            +    .                |
 0.03   |                 .          *     .                +.                |
 0.04   |                 .       *        .                 . +              |
 0.05   |                 .    *           .                 .    +           |
 0.06   |                 . *              .                 .      +         |
 0.07   |                 *                .                 .         +      |
 0.08   |               * .                .                 .           +    |
 0.09   |              *  .                .                 .            +   |
 0.1    |              *  .                .                 .            +   |
 0.11   |              *  .                .                 .            +   |
 0.12   |              *  .                .                 .             +  |
 0.13   |              *  .                .                 .             +  |
 0.14   |              *  .                .                 .             +  |
 0.15   |              *  .                .                 .              + |
 0.16   |              *  .                .                 .              + |
 0.17   |              *  .                .                 .              + |
 0.18   |              *  .                .                 .              + |
 0.19   |              *  .                .                 .               +|
 0.2    |              *  .                .                 .               +|
        +-----------------+----------------+-----------------+----------------+
#Time       qbe(q1)    qbe(q2)    qbe(q3)    qbe(q4)    qbe(qnl)  
 0.         5.5687p    109.2f     5.4865p    4.531p     ??        
 10.n       2.803p     2.6139p    5.4783p    4.5309p    ??        
 20.n       3.0288p    2.3885p    5.4789p    4.5308p    ??        
 30.n       3.3172p    2.1006p    5.4797p    4.5307p    ??        
 40.n       3.6275p    1.7905p    5.4805p    4.5307p    ??        
 50.n       3.9178p    1.5003p    5.4812p    4.5307p    ??        
 60.n       4.1492p    1.2687p    5.4816p    4.5308p    ??        
 70.n       4.2919p    1.1257p    5.4818p    4.5309p    ??        
 80.n       4.3277p    1.0897p    5.4817p    4.531p     ??        
 90.n       4.2503p    1.1668p    5.4812p    4.5311p    ??        
 100.n      4.0633p    1.3537p    5.4804p    4.5312p    ??        
 110.n      3.779p     1.6379p    5.4794p    4.5313p    ??        
 120.n      3.4184p    1.9982p    5.4783p    4.5314p    ??        
 130.n      3.0111p    2.4049p    5.4771p    4.5314p    ??        
 140.n      2.5932p    2.8221p    5.4761p    4.5313p    ??        
 150.n      2.2037p    3.2105p    5.4754p    4.5313p    ??        
 160.n      1.8802p    3.5331p    5.4749p    4.5312p    ??        
 170.n      1.6534p    3.7591p    5.4747p    4.5311p    ??        
 180.n      1.5436p    3.8687p    5.4749p    4.5309p    ??        
 190.n      1.5585p    3.854p     5.4754p    4.5308p    ??        
 200.n      1.6944p    3.719p     5.4762p    4.5307p    ??        
 210.n      1.937p     3.4776p    5.4771p    4.5306p    ??        
 220.n      2.2628p    3.1532p    5.4781p    4.5306p    ??        
 230.n      2.6401p    2.7772p    5.4791p    4.5306p    ??        
 240.n      3.0311p    2.3872p    5.4801p    4.5306p    ??        
 250.n      3.3958p    2.023p     5.4808p    4.5307p    ??        
 260.n      3.6963p    1.7225p    5.4813p    4.5307p    ??        
 270.n      3.902p     1.5166p    5.4815p    4.5308p    ??        
 280.n      3.9932p    1.4251p    5.4814p    4.531p     ??        
 290.n      3.9624p    1.4556p    5.481p     4.5311p    ??        
 300.n      3.8134p    1.6042p    5.4802p    4.5312p    ??        
#Time       cpi(q1)    cpi(q2)    cpi(q3)    cpi(q4)    cpi(qnl)  
 0.         147.44p    62.024p    211.88p    175.19p    ??        
 10.n       108.37p    101.06p    211.81p    175.18p    ??        
 20.n       117.1p     92.348p    211.84p    175.18p    ??        
 30.n       128.25p    81.215p    211.87p    175.17p    ??        
 40.n       140.25p    69.227p    211.9p     175.17p    ??        
 50.n       151.47p    58.008p    211.92p    175.17p    ??        
 60.n       160.42p    49.052p    211.94p    175.18p    ??        
 70.n       165.94p    43.525p    211.95p    175.18p    ??        
 80.n       167.32p    42.131p    211.94p    175.18p    ??        
 90.n       164.33p    45.114p    211.92p    175.19p    ??        
 100.n      157.1p     52.339p    211.89p    175.19p    ??        
 110.n      146.11p    63.327p    211.85p    175.2p     ??        
 120.n      132.17p    77.257p    211.81p    175.2p     ??        
 130.n      116.42p    92.984p    211.77p    175.2p     ??        
 140.n      100.26p    109.11p    211.73p    175.2p     ??        
 150.n      85.204p    124.13p    211.7p     175.2p     ??        
 160.n      72.695p    136.6p     211.68p    175.19p    ??        
 170.n      63.927p    145.34p    211.67p    175.19p    ??        
 180.n      59.679p    149.58p    211.68p    175.18p    ??        
 190.n      60.257p    149.01p    211.7p     175.18p    ??        
 200.n      65.511p    143.79p    211.73p    175.17p    ??        
 210.n      74.892p    134.46p    211.76p    175.17p    ??        
 220.n      87.489p    121.91p    211.8p     175.17p    ??        
 230.n      102.07p    107.38p    211.84p    175.17p    ??        
 240.n      117.19p    92.296p    211.88p    175.17p    ??        
 250.n      131.29p    78.214p    211.91p    175.17p    ??        
 260.n      142.91p    66.597p    211.93p    175.17p    ??        
 270.n      150.87p    58.636p    211.94p    175.18p    ??        
 280.n      154.39p    55.099p    211.93p    175.18p    ??        
 290.n      153.2p     56.277p    211.91p    175.19p    ??        
 300.n      147.44p    62.024p    211.88p    175.19p    ??        
#Time       vbe(q1)    vbe(q2)    vbe(q3)    vbe(q4)    vbe(qnl)  
 0.         0.76155    0.76155    0.77743    0.77743    ??        
 10.n       0.76255    0.76052    0.77743    0.77743    ??        
 20.n       0.76483    0.75794    0.77742    0.77743    ??        
 30.n       0.76754    0.75429    0.77742    0.77743    ??        
 40.n       0.77023    0.74981    0.77742    0.77743    ??        
 50.n       0.77258    0.74491    0.77742    0.77743    ??        
 60.n       0.77436    0.74031    0.77743    0.77743    ??        
 70.n       0.77541    0.73706    0.77743    0.77743    ??        
 80.n       0.77566    0.73617    0.77743    0.77743    ??        
 90.n       0.77509    0.73802    0.77744    0.77743    ??        
 100.n      0.77368    0.74206    0.77744    0.77743    ??        
 110.n      0.77144    0.7473     0.77744    0.77743    ??        
 120.n      0.7684     0.75285    0.77744    0.77743    ??        
 130.n      0.76463    0.7581     0.77744    0.77743    ??        
 140.n      0.76026    0.76272    0.77744    0.77743    ??        
 150.n      0.7556     0.76652    0.77744    0.77743    ??        
 160.n      0.75113    0.76939    0.77744    0.77743    ??        
 170.n      0.74755    0.77127    0.77743    0.77743    ??        
 180.n      0.74566    0.77216    0.77743    0.77743    ??        
 190.n      0.74593    0.77205    0.77742    0.77743    ??        
 200.n      0.74825    0.77096    0.77742    0.77743    ??        
 210.n      0.75199    0.76894    0.77742    0.77743    ??        
 220.n      0.75639    0.76602    0.77742    0.77743    ??        
 230.n      0.76082    0.7623     0.77742    0.77743    ??        
 240.n      0.76486    0.75793    0.77742    0.77743    ??        
 250.n      0.76824    0.75323    0.77742    0.77743    ??        
 260.n      0.7708     0.74873    0.77743    0.77743    ??        
 270.n      0.77245    0.7452     0.77743    0.77743    ??        
 280.n      0.77316    0.74348    0.77743    0.77743    ??        
 290.n      0.77291    0.74406    0.77744    0.77743    ??        
 300.n      0.77173    0.74673    0.77744    0.77743    ??        
v(5)   2.                4.               6.                8.              10.
        +-----------------+----------------+-----------------+----------------+
 0.     |                 .         *      .                 .                |
 10.n   |                 .           *    .                 .                |
 20.n   |                 .                *                 .                |
 30.n   |                 .                .      *          .                |
 40.n   |                 .                .            *    .                |
 50.n   |                 .                .                 . *              |
 60.n   |                 .                .                 .      *         |
 70.n   |                 .                .                 .         *      |
 80.n   |                 .                .                 .          *     |
 90.n   |                 .                .                 .        *       |
 100.n  |                 .                .                 .    *           |
 110.n  |                 .                .                *.                |
 120.n  |                 .                .        *        .                |
 130.n  |                 .                *                 .                |
 140.n  |                 .       *        .                 .                |
 150.n  |                *.                .                 .                |
 160.n  |         *       .                .                 .                |
 170.n  |    *            .                .                 .                |
 180.n  |  *              .                .                 .                |
 190.n  |  *              .                .                 .                |
 200.n  |     *           .                .                 .                |
 210.n  |          *      .                .                 .                |
 220.n  |                 .*               .                 .                |
 230.n  |                 .        *       .                 .                |
 240.n  |                 .                *                 .                |
 250.n  |                 .                .       *         .                |
 260.n  |                 .                .              *  .                |
 270.n  |                 .                .                 .*               |
 280.n  |                 .                .                 .  *             |
 290.n  |                 .                .                 .  *             |
 300.n  |                 .                .                *.                |
        +-----------------+----------------+-----------------+----------------+
#           cpi(q1)    cpi(q2)    cpi(q3)    cpi(q4)    cpi(qnl)  
 27.        104.71p    104.71p    211.8p     175.18p    ??        
#Freq       vm(5)      vp(5)     
 10.K       87.848    -0.0048623 
 15.849K    87.847    -0.0077061 
 25.119K    87.843    -0.012213  
 39.811K    87.833    -0.019355  
 63.096K    87.808    -0.03067   
 100.K      87.746    -0.048585  
 158.49K    87.59     -0.076911  
 251.19K    87.202    -0.12153   
 398.11K    86.249    -0.19121   
 630.96K    83.987    -0.29769   
 1.Meg      79.008    -0.4526    
 1.5849Meg  69.588    -0.65666   
 2.5119Meg  55.654    -0.88493   
 3.9811Meg  40.315    -1.0943    
 6.3096Meg  27.213    -1.256     
 10.Meg     17.685    -1.3679    
 15.849Meg  11.298    -1.4411    
 25.119Meg  7.1679    -1.4881    
 39.811Meg  4.5342    -1.5182    
 63.096Meg  2.8643    -1.5374    
 100.Meg    1.8082    -1.5497    
 158.49Meg  1.1411    -1.5575    
 251.19Meg  0.72007   -1.5624    
 398.11Meg  0.45435   -1.5655    
 630.96Meg  0.28668   -1.5674    
 1.G        0.18088   -1.5687    
vm(5)  0.                25.              50.               75.            100.
vp(5) -2.               -1.               0.                1.               2.
        +-----------------+----------------+-----------------+----------------+
 10.K   |                 .                +                 .       *        |
 15.849K|                 .                +                 .       *        |
 25.119K|                 .                +                 .       *        |
 39.811K|                 .                +                 .       *        |
 63.096K|                 .               +.                 .       *        |
 100.K  |                 .               +.                 .       *        |
 158.49K|                 .               +.                 .       *        |
 251.19K|                 .              + .                 .       *        |
 398.11K|                 .             +  .                 .      *         |
 630.96K|                 .           +    .                 .     *          |
 1.Meg  |                 .        +       .                 . *              |
 1.5849M|                 .     +          .             *   .                |
 2.5119M|                 . +              .   *             .                |
 3.9811M|               + .         *      .                 .                |
 6.3096M|            +    .*               .                 .                |
 10.Meg |          +*     .                .                 .                |
 15.849M|       * +       .                .                 .                |
 25.119M|    *   +        .                .                 .                |
 39.811M|  *    +         .                .                 .                |
 63.096M| *     +         .                .                 .                |
 100.Meg|*      +         .                .                 .                |
 158.49M|*      +         .                .                 .                |
 251.19M|*      +         .                .                 .                |
 398.11M*       +         .                .                 .                |
 630.96M*       +         .                .                 .                |
 1.G    *       +         .                .                 .                |
        +-----------------+----------------+-----------------+----------------+
Gnucap   System status
iterations: op=9, dc=231, tran=185, fourier=0, total=1180
transient timesteps: accepted=148, rejected=0, total=148
nodes: user=10, subckt=0, model=4, total=14
dctran density=58.2%, ac density=58.2%
