M: already installed, replacing
stashing as M:0
nmos4: already installed, replacing
stashing as nmos4:0
pmos4: already installed, replacing
stashing as pmos4:0
Test of MOS BSIM1 implementation; DC transfer curve 
#           I(V1)      I(V2)      I(V3)      I(V4)      I(V5)     
 0.         0.         0.         0.         0.         0.        
 0.2        0.         0.         0.         0.         0.        
 0.4        0.         0.         0.         0.         0.        
 0.6        1.5619n    0.         0.         0.         0.        
 0.8        258.21n    0.         0.         0.         0.        
 1.         2.9341u    0.         0.         0.         0.        
 1.2        6.1405u    105.53n    0.         0.         0.        
 1.4        9.2501u    2.3464u    8.1886n    0.         0.        
 1.6        12.274u    5.5453u    950.62n    4.5644n    0.        
 1.8        15.215u    8.6393u    4.2309u    853.65n    11.909n   
 2.         18.078u    11.648u    7.3287u    4.0871u    1.504u    
 2.2        20.864u    14.575u    10.341u    7.1559u    4.6517u   
 2.4        23.578u    17.424u    13.272u    10.141u    7.6718u   
 2.6        26.222u    20.198u    16.124u    13.045u    10.61u    
 2.8        28.798u    22.899u    18.902u    15.872u    13.47u    
 3.         31.309u    25.531u    21.607u    18.625u    16.255u   
 3.2        33.758u    28.096u    24.242u    21.307u    18.967u   
 3.4        36.147u    30.597u    26.811u    23.92u     21.61u    
 3.6        38.478u    33.036u    29.315u    26.468u    24.186u   
 3.8        40.753u    35.415u    31.757u    28.951u    26.697u   
 4.         42.975u    37.737u    34.139u    31.374u    29.146u   
 4.2        45.144u    40.003u    36.464u    33.738u    31.536u   
 4.4        47.263u    42.216u    38.734u    36.045u    33.868u   
 4.6        49.334u    44.377u    40.95u     38.297u    36.144u   
 4.8        51.358u    46.488u    43.114u    40.497u    38.367u   
 5.         53.336u    48.551u    45.229u    42.645u    40.538u   
