M: already installed, replacing
stashing as M:0
nmos4: already installed, replacing
stashing as nmos4:0
pmos4: already installed, replacing
stashing as pmos4:0
Test of MOS BSIM1 implementation; DC transfer curve 
#           I(V1)      I(V2)      I(V3)      I(V4)      I(V5)     
 0.         0.         0.         0.         0.         0.        
 0.2        0.         0.         0.         0.         0.        
 0.4        0.         0.         0.         0.         0.        
 0.6        1.5619n    0.         0.         0.         0.        
 0.8        258.21n    0.         0.         0.         0.        
 1.         2.9355u    0.         0.         0.         0.        
 1.2        6.144u     105.53n    0.         0.         0.        
 1.4        9.2556u    2.3478u    8.1893n    0.         0.        
 1.6        12.281u    5.5496u    950.92n    4.5651n    0.        
 1.8        15.224u    8.6462u    4.2348u    853.91n    11.91n    
 2.         18.089u    11.658u    7.3361u    4.0917u    1.5051u   
 2.2        20.877u    14.587u    10.352u    7.1647u    4.658u    
 2.4        23.592u    17.439u    13.286u    10.153u    7.683u    
 2.6        26.237u    20.215u    16.141u    13.062u    10.626u   
 2.8        28.815u    22.918u    18.922u    15.893u    13.491u   
 3.         31.328u    25.552u    21.629u    18.649u    16.28u    
 3.2        33.778u    28.119u    24.267u    21.334u    18.996u   
 3.4        36.169u    30.622u    26.838u    23.951u    21.643u   
 3.6        38.501u    33.063u    29.345u    26.501u    24.222u   
 3.8        40.777u    35.444u    31.79u     28.988u    26.737u   
 4.         43.u       37.767u    34.174u    31.414u    29.19u    
 4.2        45.17u     40.035u    36.502u    33.78u     31.583u   
 4.4        47.29u     42.249u    38.773u    36.09u     33.918u   
 4.6        49.362u    44.412u    40.991u    38.345u    36.197u   
 4.8        51.387u    46.525u    43.158u    40.547u    38.423u   
 5.         53.366u    48.589u    45.274u    42.697u    40.597u   
